Using pre-set license
Built from '2020.3/staging' branch; Version is '2020.3.20f1 (41c4e627c95f) revision 4310246'; Using compiler version '192528614'; Build Type 'Release'
OS: 'Windows 10 Pro; OS build 19042.1237; Version 2009; 64bit' Language: 'pl' Physical Memory: 4001 MB
BatchMode: 1, IsHumanControllingUs: 0, StartBugReporterOnCrash: 0, Is64bit: 1, IsPro: 0

COMMAND LINE ARGUMENTS:
C:\Program Files\Unity\Hub\Editor\2020.3.20f1\Editor\Unity.exe
-adb2
-batchMode
-noUpm
-name
AssetImportWorker1
-projectPath
C:/Users/DELL/Desktop/wt_CarRace-main-master/MultiRaceCoal
-logFile
Logs/AssetImportWorker1.log
-srvPort
52092
Successfully changed project path to: C:/Users/DELL/Desktop/wt_CarRace-main-master/MultiRaceCoal
C:/Users/DELL/Desktop/wt_CarRace-main-master/MultiRaceCoal
Using Asset Import Pipeline V2.
Refreshing native plugins compatible for Editor in 173.08 ms, found 2 plugins.
Preloading 0 native plugins for Editor in 0.00 ms.
Initialize engine version: 2020.3.20f1 (41c4e627c95f)
[Subsystems] Discovering subsystems at path C:/Program Files/Unity/Hub/Editor/2020.3.20f1/Editor/Data/Resources/UnitySubsystems
[Subsystems] Discovering subsystems at path C:/Users/DELL/Desktop/wt_CarRace-main-master/MultiRaceCoal/Assets
GfxDevice: creating device client; threaded=0
Direct3D:
    Version:  Direct3D 11.0 [level 11.1]
    Renderer: Intel(R) HD Graphics Family (ID=0xa16)
    Vendor:   
    VRAM:     2000 MB
    Driver:   20.19.15.4835
Initialize mono
Mono path[0] = 'C:/Program Files/Unity/Hub/Editor/2020.3.20f1/Editor/Data/Managed'
Mono path[1] = 'C:/Program Files/Unity/Hub/Editor/2020.3.20f1/Editor/Data/MonoBleedingEdge/lib/mono/unityjit'
Mono config path = 'C:/Program Files/Unity/Hub/Editor/2020.3.20f1/Editor/Data/MonoBleedingEdge/etc'
Using monoOptions --debugger-agent=transport=dt_socket,embedding=1,server=y,suspend=n,address=127.0.0.1:56860
Begin MonoManager ReloadAssembly
Registering precompiled unity dll's ...
Register platform support module: C:/Program Files/Unity/Hub/Editor/2020.3.20f1/Editor/Data/PlaybackEngines/WindowsStandaloneSupport/UnityEditor.WindowsStandalone.Extensions.dll
Registered in 0.005640 seconds.
Native extension for WindowsStandalone target not found
Refreshing native plugins compatible for Editor in 39.48 ms, found 2 plugins.
Preloading 0 native plugins for Editor in 0.00 ms.
Mono: successfully reloaded assembly
- Completed reload, in  2.633 seconds
Domain Reload Profiling:
	ReloadAssembly (2633ms)
		BeginReloadAssembly (100ms)
			ExecutionOrderSort (0ms)
			DisableScriptedObjects (0ms)
			BackupInstance (0ms)
			ReleaseScriptingObjects (0ms)
			CreateAndSetChildDomain (1ms)
		EndReloadAssembly (574ms)
			LoadAssemblies (95ms)
			RebuildTransferFunctionScriptingTraits (0ms)
			SetupTypeCache (216ms)
			ReleaseScriptCaches (0ms)
			RebuildScriptCaches (49ms)
			SetupLoadedEditorAssemblies (205ms)
				LogAssemblyErrors (0ms)
				InitializePlatformSupportModulesInManaged (5ms)
				SetLoadedEditorAssemblies (0ms)
				RefreshPlugins (40ms)
				BeforeProcessingInitializeOnLoad (10ms)
				ProcessInitializeOnLoadAttributes (113ms)
				ProcessInitializeOnLoadMethodAttributes (36ms)
				AfterProcessingInitializeOnLoad (0ms)
				EditorAssembliesLoaded (0ms)
			ExecutionOrderSort2 (0ms)
			AwakeInstancesAfterBackupRestoration (0ms)
Platform modules already initialized, skipping
Registering precompiled user dll's ...
Registered in 0.008145 seconds.
Begin MonoManager ReloadAssembly
Native extension for WindowsStandalone target not found
Refreshing native plugins compatible for Editor in 0.61 ms, found 2 plugins.
Preloading 0 native plugins for Editor in 0.00 ms.
Mono: successfully reloaded assembly
- Completed reload, in  2.416 seconds
Domain Reload Profiling:
	ReloadAssembly (2418ms)
		BeginReloadAssembly (245ms)
			ExecutionOrderSort (0ms)
			DisableScriptedObjects (8ms)
			BackupInstance (0ms)
			ReleaseScriptingObjects (0ms)
			CreateAndSetChildDomain (30ms)
		EndReloadAssembly (2067ms)
			LoadAssemblies (827ms)
			RebuildTransferFunctionScriptingTraits (0ms)
			SetupTypeCache (410ms)
			ReleaseScriptCaches (1ms)
			RebuildScriptCaches (66ms)
			SetupLoadedEditorAssemblies (635ms)
				LogAssemblyErrors (0ms)
				InitializePlatformSupportModulesInManaged (7ms)
				SetLoadedEditorAssemblies (1ms)
				RefreshPlugins (1ms)
				BeforeProcessingInitializeOnLoad (92ms)
				ProcessInitializeOnLoadAttributes (497ms)
				ProcessInitializeOnLoadMethodAttributes (8ms)
				AfterProcessingInitializeOnLoad (29ms)
				EditorAssembliesLoaded (1ms)
			ExecutionOrderSort2 (0ms)
			AwakeInstancesAfterBackupRestoration (18ms)
Platform modules already initialized, skipping
========================================================================
Worker process is ready to serve import requests
Launched and connected shader compiler UnityShaderCompiler.exe after 0.55 seconds
Refreshing native plugins compatible for Editor in 0.99 ms, found 2 plugins.
Preloading 0 native plugins for Editor in 0.00 ms.
Unloading 1552 Unused Serialized files (Serialized files now loaded: 0)
System memory in use before: 82.3 MB.
System memory in use after: 82.4 MB.

Unloading 17 unused Assets to reduce memory usage. Loaded Objects now: 2005.
Total: 8.864700 ms (FindLiveObjects: 0.359200 ms CreateObjectMapping: 0.166200 ms MarkObjects: 8.138100 ms  DeleteObjects: 0.196800 ms)

AssetImportParameters requested are different than current active one (requested -> active):
  custom:framework-win-MediaFoundation: 216162199b28c13a410421893ffa2e32 -> 
  custom:video-decoder-ogg-theora: a1e56fd34408186e4bbccfd4996cb3dc -> 
  custom:container-muxer-webm: aa71ff27fc2769a1b78a27578f13a17b -> 
  custom:container-demuxer-webm: 4f35f7cbe854078d1ac9338744f61a02 -> 
  custom:container-demuxer-ogg: 62fdf1f143b41e24485cea50d1cbac27 -> 
  custom:video-encoder-webm-vp8: eb34c28f22e8b96e1ab97ce403110664 -> 
  custom:video-decoder-webm-vp8: 9c59270c3fd7afecdb556c50c9e8de78 -> 
  custom:audio-decoder-ogg-vorbis: bf7c407c2cedff20999df2af8eb42d56 -> 
  custom:audio-encoder-webm-vorbis: bf7c407c2cedff20999df2af8eb42d56 -> 
========================================================================
Received Import Request.
  path: Assets/Audio/AccelerationHigh.wav
  artifactKey: Guid(a6e716893630f7b4093e902b2f70a9c5) Importer(815301076,1909f56bfc062723c751e8b465ee728b)
Start importing Assets/Audio/AccelerationHigh.wav using Guid(a6e716893630f7b4093e902b2f70a9c5) Importer(815301076,1909f56bfc062723c751e8b465ee728b)  -> (artifact id: 'e3d12a000e3e2a864e0591a7a834b007') in 1.744101 seconds 
  Import took 1.792566 seconds .

========================================================================
Received Import Request.
  Time since last request: 0.001096 seconds.
  path: Assets/Prefabs/Wheel.prefab
  artifactKey: Guid(e60117dddae131b45abbd71a44572bae) Importer(815301076,1909f56bfc062723c751e8b465ee728b)
Start importing Assets/Prefabs/Wheel.prefab using Guid(e60117dddae131b45abbd71a44572bae) Importer(815301076,1909f56bfc062723c751e8b465ee728b)  -> (artifact id: '82ef7778519812723e0dd2130edb0e42') in 0.475616 seconds 
  Import took 0.606937 seconds .

========================================================================
Received Import Request.
  Time since last request: 1298.449520 seconds.
  path: Assets/Models/Mini Nature Pack/Models/Bush1.prefab
  artifactKey: Guid(f1422f5c6e1457147a73440f96e079ac) Importer(815301076,1909f56bfc062723c751e8b465ee728b)
Start importing Assets/Models/Mini Nature Pack/Models/Bush1.prefab using Guid(f1422f5c6e1457147a73440f96e079ac) Importer(815301076,1909f56bfc062723c751e8b465ee728b)  -> (artifact id: '29404610a799c2742972b9aa9bf16b7e') in 3.221045 seconds 
  Import took 3.294425 seconds .

========================================================================
Received Import Request.
  Time since last request: 0.000655 seconds.
  path: Assets/Models/Mini Nature Pack/Models/Tree 2.prefab
  artifactKey: Guid(12ff573d21ef578469f7a25c286520fe) Importer(815301076,1909f56bfc062723c751e8b465ee728b)
Start importing Assets/Models/Mini Nature Pack/Models/Tree 2.prefab using Guid(12ff573d21ef578469f7a25c286520fe) Importer(815301076,1909f56bfc062723c751e8b465ee728b)  -> (artifact id: '15dc2f6a72ee099a8c7d365da5c8ee4d') in 0.245432 seconds 
  Import took 0.255144 seconds .

========================================================================
Received Import Request.
  Time since last request: 0.000976 seconds.
  path: Assets/Models/Mini Nature Pack/Models/Bush4.prefab
  artifactKey: Guid(21ec5fde180d55548a40d810905090fe) Importer(815301076,1909f56bfc062723c751e8b465ee728b)
Start importing Assets/Models/Mini Nature Pack/Models/Bush4.prefab using Guid(21ec5fde180d55548a40d810905090fe) Importer(815301076,1909f56bfc062723c751e8b465ee728b)  -> (artifact id: 'ea8231378528385fd1b9024ad7cb85d6') in 0.218848 seconds 
  Import took 0.228934 seconds .

========================================================================
Received Import Request.
  Time since last request: 0.001281 seconds.
  path: Assets/Models/Mini Nature Pack/Models/Tree 1.prefab
  artifactKey: Guid(7be0281adbf2d4e489584045166d2c0f) Importer(815301076,1909f56bfc062723c751e8b465ee728b)
Start importing Assets/Models/Mini Nature Pack/Models/Tree 1.prefab using Guid(7be0281adbf2d4e489584045166d2c0f) Importer(815301076,1909f56bfc062723c751e8b465ee728b)  -> (artifact id: 'c1efaa4abd0c8bef87a4081b8be411b3') in 0.209379 seconds 
  Import took 0.215542 seconds .

========================================================================
Received Import Request.
  Time since last request: 0.000388 seconds.
  path: Assets/Models/Mini Nature Pack/Models/Bush5.prefab
  artifactKey: Guid(7c8c1d0cdb996ab4e87515489f195873) Importer(815301076,1909f56bfc062723c751e8b465ee728b)
Start importing Assets/Models/Mini Nature Pack/Models/Bush5.prefab using Guid(7c8c1d0cdb996ab4e87515489f195873) Importer(815301076,1909f56bfc062723c751e8b465ee728b)  -> (artifact id: '882cf7f2d67fe2132c9c58558b348524') in 0.124615 seconds 
  Import took 0.129241 seconds .

========================================================================
Received Import Request.
  Time since last request: 0.000415 seconds.
  path: Assets/Models/Mini Nature Pack/Models/Tree 4.prefab
  artifactKey: Guid(b2f4adad2b43ef24b9dadde152b742b5) Importer(815301076,1909f56bfc062723c751e8b465ee728b)
Start importing Assets/Models/Mini Nature Pack/Models/Tree 4.prefab using Guid(b2f4adad2b43ef24b9dadde152b742b5) Importer(815301076,1909f56bfc062723c751e8b465ee728b)  -> (artifact id: 'a2d7cbeeb5326343b30c3a5f02a39eae') in 0.073431 seconds 
  Import took 0.077058 seconds .

========================================================================
Received Import Request.
  Time since last request: 0.000415 seconds.
  path: Assets/Models/Mini Nature Pack/Models/Tree 3.prefab
  artifactKey: Guid(403ffafce8266a14397910cd8b678d08) Importer(815301076,1909f56bfc062723c751e8b465ee728b)
Start importing Assets/Models/Mini Nature Pack/Models/Tree 3.prefab using Guid(403ffafce8266a14397910cd8b678d08) Importer(815301076,1909f56bfc062723c751e8b465ee728b)  -> (artifact id: '3cae066ac54d100a79b66fc6ed547ef3') in 0.051953 seconds 
  Import took 0.055361 seconds .

========================================================================
Received Import Request.
  Time since last request: 0.000428 seconds.
  path: Assets/Models/Mini Nature Pack/Models/Bush3.prefab
  artifactKey: Guid(4955f028d29047641a25f9c22b926284) Importer(815301076,1909f56bfc062723c751e8b465ee728b)
Start importing Assets/Models/Mini Nature Pack/Models/Bush3.prefab using Guid(4955f028d29047641a25f9c22b926284) Importer(815301076,1909f56bfc062723c751e8b465ee728b)  -> (artifact id: '59111bfe94bb0fca8e6c56d212f901ac') in 0.046151 seconds 
  Import took 0.049798 seconds .

========================================================================
Received Import Request.
  Time since last request: 0.000407 seconds.
  path: Assets/Models/Mini Nature Pack/Models/Bush2.prefab
  artifactKey: Guid(79ad7b59297e2b34da705d6e47326a46) Importer(815301076,1909f56bfc062723c751e8b465ee728b)
Start importing Assets/Models/Mini Nature Pack/Models/Bush2.prefab using Guid(79ad7b59297e2b34da705d6e47326a46) Importer(815301076,1909f56bfc062723c751e8b465ee728b)  -> (artifact id: 'd824d1a2c1dba5f5a3316880500c2eab') in 0.084957 seconds 
  Import took 0.100913 seconds .

========================================================================
Received Import Request.
  Time since last request: 0.000329 seconds.
  path: Assets/Models/Mini Nature Pack/Models/Tree 5.prefab
  artifactKey: Guid(254d8d0cdc47bbc43b9ad04e0589452c) Importer(815301076,1909f56bfc062723c751e8b465ee728b)
Start importing Assets/Models/Mini Nature Pack/Models/Tree 5.prefab using Guid(254d8d0cdc47bbc43b9ad04e0589452c) Importer(815301076,1909f56bfc062723c751e8b465ee728b)  -> (artifact id: 'a641c2a515f912bb3fcbf74cc886abba') in 0.052260 seconds 
  Import took 0.055880 seconds .

========================================================================
Received Import Request.
  Time since last request: 0.000410 seconds.
  path: Assets/Models/Modular Track/Prefabs
  artifactKey: Guid(54ea7cb87541743858954d6e057b4afc) Importer(815301076,1909f56bfc062723c751e8b465ee728b)
Start importing Assets/Models/Modular Track/Prefabs using Guid(54ea7cb87541743858954d6e057b4afc) Importer(815301076,1909f56bfc062723c751e8b465ee728b)  -> (artifact id: 'aa770b692e80bdba0abc77d8f23979c9') in 0.034898 seconds 
  Import took 0.057353 seconds .

========================================================================
Received Import Request.
  Time since last request: 2.072679 seconds.
  path: Assets/Models/Modular Track/Prefabs/MT_Fence_IN.prefab
  artifactKey: Guid(dc6b6cf078c324fdb9b86136aa4ba5c7) Importer(815301076,1909f56bfc062723c751e8b465ee728b)
Start importing Assets/Models/Modular Track/Prefabs/MT_Fence_IN.prefab using Guid(dc6b6cf078c324fdb9b86136aa4ba5c7) Importer(815301076,1909f56bfc062723c751e8b465ee728b)  -> (artifact id: '40594e20f8ca60ddf1cb6d483b0befdf') in 1.099514 seconds 
  Import took 1.110913 seconds .

========================================================================
Received Import Request.
  Time since last request: 0.000477 seconds.
  path: Assets/Models/Modular Track/Prefabs/MT_Turn.prefab
  artifactKey: Guid(fe3154df87e2c402992c615a728b6d24) Importer(815301076,1909f56bfc062723c751e8b465ee728b)
Start importing Assets/Models/Modular Track/Prefabs/MT_Turn.prefab using Guid(fe3154df87e2c402992c615a728b6d24) Importer(815301076,1909f56bfc062723c751e8b465ee728b)  -> (artifact id: 'fafd66c1c1bebd6e21b77976b719fc61') in 0.136877 seconds 
  Import took 0.154776 seconds .

========================================================================
Received Import Request.
  Time since last request: 0.000394 seconds.
  path: Assets/Models/Modular Track/Prefabs/MT_Road_01.prefab
  artifactKey: Guid(002722443636f47cc9e92f08808bc16c) Importer(815301076,1909f56bfc062723c751e8b465ee728b)
Start importing Assets/Models/Modular Track/Prefabs/MT_Road_01.prefab using Guid(002722443636f47cc9e92f08808bc16c) Importer(815301076,1909f56bfc062723c751e8b465ee728b)  -> (artifact id: 'a2f52a59db30d71fa95a23b63cef5c24') in 0.061170 seconds 
  Import took 0.067199 seconds .

========================================================================
Received Import Request.
  Time since last request: 0.000482 seconds.
  path: Assets/Models/Modular Track/Prefabs/MT_Fence_OUT.prefab
  artifactKey: Guid(623363230d80c495db7981caf5339cbc) Importer(815301076,1909f56bfc062723c751e8b465ee728b)
Start importing Assets/Models/Modular Track/Prefabs/MT_Fence_OUT.prefab using Guid(623363230d80c495db7981caf5339cbc) Importer(815301076,1909f56bfc062723c751e8b465ee728b)  -> (artifact id: 'e0600300ea3c166652e19eb56909f3ca') in 0.031767 seconds 
  Import took 0.047436 seconds .

========================================================================
Received Import Request.
  Time since last request: 0.000403 seconds.
  path: Assets/Models/Modular Track/Prefabs/MT_Road_02.prefab
  artifactKey: Guid(bb21eca8388294517aedb926b64d69b2) Importer(815301076,1909f56bfc062723c751e8b465ee728b)
Start importing Assets/Models/Modular Track/Prefabs/MT_Road_02.prefab using Guid(bb21eca8388294517aedb926b64d69b2) Importer(815301076,1909f56bfc062723c751e8b465ee728b)  -> (artifact id: '5df4d2fef496d66944a61915e81a3e08') in 0.056372 seconds 
  Import took 0.061262 seconds .

========================================================================
Received Import Request.
  Time since last request: 955.453169 seconds.
  path: Assets/Scripts/CarMechanics/DrivingScript.cs
  artifactKey: Guid(134d8d01ed6d3ed4287bb15be039a637) Importer(815301076,1909f56bfc062723c751e8b465ee728b)
Start importing Assets/Scripts/CarMechanics/DrivingScript.cs using Guid(134d8d01ed6d3ed4287bb15be039a637) Importer(815301076,1909f56bfc062723c751e8b465ee728b)  -> (artifact id: '2b3e5b960a4515ccf898ca9b8663857d') in 0.236903 seconds 
  Import took 0.241303 seconds .

========================================================================
Received Prepare
Registering precompiled user dll's ...
Registered in 0.014232 seconds.
Begin MonoManager ReloadAssembly
Native extension for WindowsStandalone target not found
Refreshing native plugins compatible for Editor in 1.17 ms, found 2 plugins.
Preloading 0 native plugins for Editor in 0.00 ms.
Mono: successfully reloaded assembly
- Completed reload, in 11.921 seconds
Domain Reload Profiling:
	ReloadAssembly (12021ms)
		BeginReloadAssembly (7144ms)
			ExecutionOrderSort (9ms)
			DisableScriptedObjects (681ms)
			BackupInstance (0ms)
			ReleaseScriptingObjects (0ms)
			CreateAndSetChildDomain (4671ms)
		EndReloadAssembly (4459ms)
			LoadAssemblies (895ms)
			RebuildTransferFunctionScriptingTraits (0ms)
			SetupTypeCache (1564ms)
			ReleaseScriptCaches (2ms)
			RebuildScriptCaches (199ms)
			SetupLoadedEditorAssemblies (1652ms)
				LogAssemblyErrors (0ms)
				InitializePlatformSupportModulesInManaged (43ms)
				SetLoadedEditorAssemblies (1ms)
				RefreshPlugins (2ms)
				BeforeProcessingInitializeOnLoad (366ms)
				ProcessInitializeOnLoadAttributes (1179ms)
				ProcessInitializeOnLoadMethodAttributes (18ms)
				AfterProcessingInitializeOnLoad (40ms)
				EditorAssembliesLoaded (1ms)
			ExecutionOrderSort2 (0ms)
			AwakeInstancesAfterBackupRestoration (32ms)
Platform modules already initialized, skipping
Refreshing native plugins compatible for Editor in 2.26 ms, found 2 plugins.
Preloading 0 native plugins for Editor in 0.00 ms.
Unloading 1544 Unused Serialized files (Serialized files now loaded: 0)
System memory in use before: 87.7 MB.
System memory in use after: 87.8 MB.

Unloading 12 unused Assets to reduce memory usage. Loaded Objects now: 2058.
Total: 28.191100 ms (FindLiveObjects: 0.702600 ms CreateObjectMapping: 0.199600 ms MarkObjects: 27.160000 ms  DeleteObjects: 0.119200 ms)

AssetImportParameters requested are different than current active one (requested -> active):
  custom:framework-win-MediaFoundation: 216162199b28c13a410421893ffa2e32 -> 
  custom:video-decoder-ogg-theora: a1e56fd34408186e4bbccfd4996cb3dc -> 
  custom:container-muxer-webm: aa71ff27fc2769a1b78a27578f13a17b -> 
  custom:container-demuxer-webm: 4f35f7cbe854078d1ac9338744f61a02 -> 
  custom:container-demuxer-ogg: 62fdf1f143b41e24485cea50d1cbac27 -> 
  custom:video-encoder-webm-vp8: eb34c28f22e8b96e1ab97ce403110664 -> 
  custom:video-decoder-webm-vp8: 9c59270c3fd7afecdb556c50c9e8de78 -> 
  custom:audio-decoder-ogg-vorbis: bf7c407c2cedff20999df2af8eb42d56 -> 
  custom:audio-encoder-webm-vorbis: bf7c407c2cedff20999df2af8eb42d56 -> 
========================================================================
Received Import Request.
  Time since last request: 817.039894 seconds.
  path: Assets/Scripts/CarMechanics/DriveSupportScript.cs
  artifactKey: Guid(73e4507dff51a754da2e55361fdfc482) Importer(815301076,1909f56bfc062723c751e8b465ee728b)
Start importing Assets/Scripts/CarMechanics/DriveSupportScript.cs using Guid(73e4507dff51a754da2e55361fdfc482) Importer(815301076,1909f56bfc062723c751e8b465ee728b)  -> (artifact id: 'a287c235ed453da2c6b9c43f5b23b07d') in 0.112268 seconds 
  Import took 0.120626 seconds .

========================================================================
Received Prepare
Registering precompiled user dll's ...
Registered in 0.031586 seconds.
Begin MonoManager ReloadAssembly
Native extension for WindowsStandalone target not found
Refreshing native plugins compatible for Editor in 0.43 ms, found 2 plugins.
Preloading 0 native plugins for Editor in 0.00 ms.
Mono: successfully reloaded assembly
- Completed reload, in  2.247 seconds
Domain Reload Profiling:
	ReloadAssembly (2248ms)
		BeginReloadAssembly (197ms)
			ExecutionOrderSort (0ms)
			DisableScriptedObjects (6ms)
			BackupInstance (0ms)
			ReleaseScriptingObjects (0ms)
			CreateAndSetChildDomain (58ms)
		EndReloadAssembly (1934ms)
			LoadAssemblies (158ms)
			RebuildTransferFunctionScriptingTraits (0ms)
			SetupTypeCache (373ms)
			ReleaseScriptCaches (1ms)
			RebuildScriptCaches (52ms)
			SetupLoadedEditorAssemblies (1227ms)
				LogAssemblyErrors (0ms)
				InitializePlatformSupportModulesInManaged (9ms)
				SetLoadedEditorAssemblies (1ms)
				RefreshPlugins (1ms)
				BeforeProcessingInitializeOnLoad (82ms)
				ProcessInitializeOnLoadAttributes (1111ms)
				ProcessInitializeOnLoadMethodAttributes (6ms)
				AfterProcessingInitializeOnLoad (18ms)
				EditorAssembliesLoaded (0ms)
			ExecutionOrderSort2 (0ms)
			AwakeInstancesAfterBackupRestoration (9ms)
Platform modules already initialized, skipping
Refreshing native plugins compatible for Editor in 0.53 ms, found 2 plugins.
Preloading 0 native plugins for Editor in 0.00 ms.
Unloading 1544 Unused Serialized files (Serialized files now loaded: 0)
System memory in use before: 87.7 MB.
System memory in use after: 87.8 MB.

Unloading 12 unused Assets to reduce memory usage. Loaded Objects now: 2060.
Total: 4.139400 ms (FindLiveObjects: 0.258600 ms CreateObjectMapping: 0.144300 ms MarkObjects: 3.711500 ms  DeleteObjects: 0.023100 ms)

AssetImportParameters requested are different than current active one (requested -> active):
  custom:framework-win-MediaFoundation: 216162199b28c13a410421893ffa2e32 -> 
  custom:video-decoder-ogg-theora: a1e56fd34408186e4bbccfd4996cb3dc -> 
  custom:container-muxer-webm: aa71ff27fc2769a1b78a27578f13a17b -> 
  custom:container-demuxer-webm: 4f35f7cbe854078d1ac9338744f61a02 -> 
  custom:container-demuxer-ogg: 62fdf1f143b41e24485cea50d1cbac27 -> 
  custom:video-encoder-webm-vp8: eb34c28f22e8b96e1ab97ce403110664 -> 
  custom:video-decoder-webm-vp8: 9c59270c3fd7afecdb556c50c9e8de78 -> 
  custom:audio-decoder-ogg-vorbis: bf7c407c2cedff20999df2af8eb42d56 -> 
  custom:audio-encoder-webm-vorbis: bf7c407c2cedff20999df2af8eb42d56 -> 
========================================================================
Received Import Request.
  Time since last request: 1319.556999 seconds.
  path: ProjectSettings/TagManager.asset
  artifactKey: Guid(00000000000000003000000000000000) Importer(815301076,1909f56bfc062723c751e8b465ee728b)
Start importing ProjectSettings/TagManager.asset using Guid(00000000000000003000000000000000) Importer(815301076,1909f56bfc062723c751e8b465ee728b)  -> (artifact id: 'ce6a35c3cddc746e7501c0bd0ed6d4ce') in 0.101105 seconds 
  Import took 0.110552 seconds .

========================================================================
Received Import Request.
  Time since last request: 67.252570 seconds.
  path: Assets/New Terrain.asset
  artifactKey: Guid(02e0513939b3631468a96be4558d8850) Importer(815301076,1909f56bfc062723c751e8b465ee728b)
Start importing Assets/New Terrain.asset using Guid(02e0513939b3631468a96be4558d8850) Importer(815301076,1909f56bfc062723c751e8b465ee728b)  -> (artifact id: 'cd238e2ec49ced8ca75600238bfd69c1') in 0.675446 seconds 
  Import took 0.683037 seconds .

========================================================================
Received Import Request.
  Time since last request: 22.600231 seconds.
  path: Assets/Chckpnt.mat
  artifactKey: Guid(2196df3c1bf16bf40aa9b1286b115a19) Importer(815301076,1909f56bfc062723c751e8b465ee728b)
Start importing Assets/Chckpnt.mat using Guid(2196df3c1bf16bf40aa9b1286b115a19) Importer(815301076,1909f56bfc062723c751e8b465ee728b)  -> (artifact id: '000822577156082edfe3240b62f0d9df') in 0.230026 seconds 
  Import took 0.238626 seconds .

========================================================================
Received Import Request.
  Time since last request: 437.938024 seconds.
  path: Assets/Scripts/RaceController.cs
  artifactKey: Guid(0d5fb9f77e553df4caeac65647b3fca2) Importer(815301076,1909f56bfc062723c751e8b465ee728b)
Start importing Assets/Scripts/RaceController.cs using Guid(0d5fb9f77e553df4caeac65647b3fca2) Importer(815301076,1909f56bfc062723c751e8b465ee728b)  -> (artifact id: 'b4ebde16a7282ff07ba5a380f14c7136') in 0.026409 seconds 
  Import took 0.033299 seconds .

========================================================================
Received Prepare
Registering precompiled user dll's ...
Registered in 0.046346 seconds.
Begin MonoManager ReloadAssembly
Native extension for WindowsStandalone target not found
Refreshing native plugins compatible for Editor in 0.44 ms, found 2 plugins.
Preloading 0 native plugins for Editor in 0.00 ms.
Mono: successfully reloaded assembly
- Completed reload, in  1.737 seconds
Domain Reload Profiling:
	ReloadAssembly (1738ms)
		BeginReloadAssembly (216ms)
			ExecutionOrderSort (0ms)
			DisableScriptedObjects (6ms)
			BackupInstance (0ms)
			ReleaseScriptingObjects (0ms)
			CreateAndSetChildDomain (73ms)
		EndReloadAssembly (1406ms)
			LoadAssemblies (189ms)
			RebuildTransferFunctionScriptingTraits (0ms)
			SetupTypeCache (516ms)
			ReleaseScriptCaches (1ms)
			RebuildScriptCaches (54ms)
			SetupLoadedEditorAssemblies (493ms)
				LogAssemblyErrors (0ms)
				InitializePlatformSupportModulesInManaged (7ms)
				SetLoadedEditorAssemblies (1ms)
				RefreshPlugins (1ms)
				BeforeProcessingInitializeOnLoad (80ms)
				ProcessInitializeOnLoadAttributes (381ms)
				ProcessInitializeOnLoadMethodAttributes (6ms)
				AfterProcessingInitializeOnLoad (16ms)
				EditorAssembliesLoaded (0ms)
			ExecutionOrderSort2 (0ms)
			AwakeInstancesAfterBackupRestoration (8ms)
Platform modules already initialized, skipping
Refreshing native plugins compatible for Editor in 0.56 ms, found 2 plugins.
Preloading 0 native plugins for Editor in 0.00 ms.
Unloading 1545 Unused Serialized files (Serialized files now loaded: 0)
System memory in use before: 87.8 MB.
System memory in use after: 87.9 MB.

Unloading 13 unused Assets to reduce memory usage. Loaded Objects now: 2065.
Total: 5.320200 ms (FindLiveObjects: 0.307200 ms CreateObjectMapping: 0.109800 ms MarkObjects: 4.867900 ms  DeleteObjects: 0.032900 ms)

AssetImportParameters requested are different than current active one (requested -> active):
  custom:framework-win-MediaFoundation: 216162199b28c13a410421893ffa2e32 -> 
  custom:video-decoder-ogg-theora: a1e56fd34408186e4bbccfd4996cb3dc -> 
  custom:container-muxer-webm: aa71ff27fc2769a1b78a27578f13a17b -> 
  custom:container-demuxer-webm: 4f35f7cbe854078d1ac9338744f61a02 -> 
  custom:container-demuxer-ogg: 62fdf1f143b41e24485cea50d1cbac27 -> 
  custom:video-encoder-webm-vp8: eb34c28f22e8b96e1ab97ce403110664 -> 
  custom:video-decoder-webm-vp8: 9c59270c3fd7afecdb556c50c9e8de78 -> 
  custom:audio-decoder-ogg-vorbis: bf7c407c2cedff20999df2af8eb42d56 -> 
  custom:audio-encoder-webm-vorbis: bf7c407c2cedff20999df2af8eb42d56 -> 
========================================================================
Received Prepare
Registering precompiled user dll's ...
Registered in 0.082151 seconds.
Begin MonoManager ReloadAssembly
Native extension for WindowsStandalone target not found
Refreshing native plugins compatible for Editor in 0.54 ms, found 2 plugins.
Preloading 0 native plugins for Editor in 0.00 ms.
Mono: successfully reloaded assembly
- Completed reload, in  1.716 seconds
Domain Reload Profiling:
	ReloadAssembly (1717ms)
		BeginReloadAssembly (246ms)
			ExecutionOrderSort (0ms)
			DisableScriptedObjects (7ms)
			BackupInstance (0ms)
			ReleaseScriptingObjects (0ms)
			CreateAndSetChildDomain (66ms)
		EndReloadAssembly (1287ms)
			LoadAssemblies (220ms)
			RebuildTransferFunctionScriptingTraits (0ms)
			SetupTypeCache (472ms)
			ReleaseScriptCaches (1ms)
			RebuildScriptCaches (54ms)
			SetupLoadedEditorAssemblies (452ms)
				LogAssemblyErrors (0ms)
				InitializePlatformSupportModulesInManaged (8ms)
				SetLoadedEditorAssemblies (1ms)
				RefreshPlugins (1ms)
				BeforeProcessingInitializeOnLoad (90ms)
				ProcessInitializeOnLoadAttributes (327ms)
				ProcessInitializeOnLoadMethodAttributes (6ms)
				AfterProcessingInitializeOnLoad (19ms)
				EditorAssembliesLoaded (0ms)
			ExecutionOrderSort2 (0ms)
			AwakeInstancesAfterBackupRestoration (12ms)
Platform modules already initialized, skipping
Refreshing native plugins compatible for Editor in 1.05 ms, found 2 plugins.
Preloading 0 native plugins for Editor in 0.00 ms.
Unloading 1545 Unused Serialized files (Serialized files now loaded: 0)
System memory in use before: 87.8 MB.
System memory in use after: 87.9 MB.

Unloading 12 unused Assets to reduce memory usage. Loaded Objects now: 2067.
Total: 5.684200 ms (FindLiveObjects: 0.277900 ms CreateObjectMapping: 0.111400 ms MarkObjects: 5.261900 ms  DeleteObjects: 0.029800 ms)

AssetImportParameters requested are different than current active one (requested -> active):
  custom:framework-win-MediaFoundation: 216162199b28c13a410421893ffa2e32 -> 
  custom:video-decoder-ogg-theora: a1e56fd34408186e4bbccfd4996cb3dc -> 
  custom:container-muxer-webm: aa71ff27fc2769a1b78a27578f13a17b -> 
  custom:container-demuxer-webm: 4f35f7cbe854078d1ac9338744f61a02 -> 
  custom:container-demuxer-ogg: 62fdf1f143b41e24485cea50d1cbac27 -> 
  custom:video-encoder-webm-vp8: eb34c28f22e8b96e1ab97ce403110664 -> 
  custom:video-decoder-webm-vp8: 9c59270c3fd7afecdb556c50c9e8de78 -> 
  custom:audio-decoder-ogg-vorbis: bf7c407c2cedff20999df2af8eb42d56 -> 
  custom:audio-encoder-webm-vorbis: bf7c407c2cedff20999df2af8eb42d56 -> 
========================================================================
Received Import Request.
  Time since last request: 612.899229 seconds.
  path: Assets/Scripts/CarMechanics/DriveSupportScript.cs
  artifactKey: Guid(73e4507dff51a754da2e55361fdfc482) Importer(815301076,1909f56bfc062723c751e8b465ee728b)
Start importing Assets/Scripts/CarMechanics/DriveSupportScript.cs using Guid(73e4507dff51a754da2e55361fdfc482) Importer(815301076,1909f56bfc062723c751e8b465ee728b)  -> (artifact id: 'dceb1f87de6795633d2283c139d38386') in 0.012586 seconds 
  Import took 0.017351 seconds .

========================================================================
Received Import Request.
  Time since last request: 0.000412 seconds.
  path: Assets/Scripts/RaceController.cs
  artifactKey: Guid(0d5fb9f77e553df4caeac65647b3fca2) Importer(815301076,1909f56bfc062723c751e8b465ee728b)
Start importing Assets/Scripts/RaceController.cs using Guid(0d5fb9f77e553df4caeac65647b3fca2) Importer(815301076,1909f56bfc062723c751e8b465ee728b)  -> (artifact id: 'a65d0e211d2eb152a536105170bc6c38') in 0.005887 seconds 
  Import took 0.009675 seconds .

========================================================================
Received Import Request.
  Time since last request: 261.897430 seconds.
  path: Assets/Scripts/CarMechanics/DrivingScript.cs
  artifactKey: Guid(134d8d01ed6d3ed4287bb15be039a637) Importer(815301076,1909f56bfc062723c751e8b465ee728b)
Start importing Assets/Scripts/CarMechanics/DrivingScript.cs using Guid(134d8d01ed6d3ed4287bb15be039a637) Importer(815301076,1909f56bfc062723c751e8b465ee728b)  -> (artifact id: 'a635c28c5136426284caf658964abcd1') in 0.123685 seconds 
  Import took 0.130069 seconds .

AssetImportWorkerClient::OnTransportError - code=2 error=End of file
