Using pre-set license
Built from '2020.3/staging' branch; Version is '2020.3.20f1 (41c4e627c95f) revision 4310246'; Using compiler version '192528614'; Build Type 'Release'
OS: 'Windows 10 Pro; OS build 19042.1415; Version 2009; 64bit' Language: 'pl' Physical Memory: 4001 MB
BatchMode: 1, IsHumanControllingUs: 0, StartBugReporterOnCrash: 0, Is64bit: 1, IsPro: 0

COMMAND LINE ARGUMENTS:
C:\Program Files\Unity\Hub\Editor\2020.3.20f1\Editor\Unity.exe
-adb2
-batchMode
-noUpm
-name
AssetImportWorker3
-projectPath
C:/Users/DELL/Documents/RaceCoal/wt_CarRace-main/MultiRaceCoal
-logFile
Logs/AssetImportWorker3.log
-srvPort
50975
Successfully changed project path to: C:/Users/DELL/Documents/RaceCoal/wt_CarRace-main/MultiRaceCoal
C:/Users/DELL/Documents/RaceCoal/wt_CarRace-main/MultiRaceCoal
Using Asset Import Pipeline V2.
Refreshing native plugins compatible for Editor in 71.78 ms, found 2 plugins.
Preloading 0 native plugins for Editor in 0.00 ms.
Initialize engine version: 2020.3.20f1 (41c4e627c95f)
[Subsystems] Discovering subsystems at path C:/Program Files/Unity/Hub/Editor/2020.3.20f1/Editor/Data/Resources/UnitySubsystems
[Subsystems] Discovering subsystems at path C:/Users/DELL/Documents/RaceCoal/wt_CarRace-main/MultiRaceCoal/Assets
GfxDevice: creating device client; threaded=0
Direct3D:
    Version:  Direct3D 11.0 [level 11.1]
    Renderer: Intel(R) HD Graphics Family (ID=0xa16)
    Vendor:   
    VRAM:     2000 MB
    Driver:   20.19.15.4835
Initialize mono
Mono path[0] = 'C:/Program Files/Unity/Hub/Editor/2020.3.20f1/Editor/Data/Managed'
Mono path[1] = 'C:/Program Files/Unity/Hub/Editor/2020.3.20f1/Editor/Data/MonoBleedingEdge/lib/mono/unityjit'
Mono config path = 'C:/Program Files/Unity/Hub/Editor/2020.3.20f1/Editor/Data/MonoBleedingEdge/etc'
Using monoOptions --debugger-agent=transport=dt_socket,embedding=1,server=y,suspend=n,address=127.0.0.1:56068
Begin MonoManager ReloadAssembly
Registering precompiled unity dll's ...
Register platform support module: C:/Program Files/Unity/Hub/Editor/2020.3.20f1/Editor/Data/PlaybackEngines/WindowsStandaloneSupport/UnityEditor.WindowsStandalone.Extensions.dll
Registered in 0.005739 seconds.
Native extension for WindowsStandalone target not found
Refreshing native plugins compatible for Editor in 49.71 ms, found 2 plugins.
Preloading 0 native plugins for Editor in 0.00 ms.
Unable to find bridge dll in registry for Microsoft Visual Studio Tools for Unity for C:\Program Files (x86)\Microsoft Visual Studio\2019\Community\Common7\IDE\devenv.exe
Mono: successfully reloaded assembly
- Completed reload, in  2.328 seconds
Domain Reload Profiling:
	ReloadAssembly (2328ms)
		BeginReloadAssembly (130ms)
			ExecutionOrderSort (0ms)
			DisableScriptedObjects (0ms)
			BackupInstance (0ms)
			ReleaseScriptingObjects (0ms)
			CreateAndSetChildDomain (1ms)
		EndReloadAssembly (723ms)
			LoadAssemblies (125ms)
			RebuildTransferFunctionScriptingTraits (0ms)
			SetupTypeCache (219ms)
			ReleaseScriptCaches (0ms)
			RebuildScriptCaches (43ms)
			SetupLoadedEditorAssemblies (348ms)
				LogAssemblyErrors (0ms)
				InitializePlatformSupportModulesInManaged (7ms)
				SetLoadedEditorAssemblies (0ms)
				RefreshPlugins (50ms)
				BeforeProcessingInitializeOnLoad (27ms)
				ProcessInitializeOnLoadAttributes (213ms)
				ProcessInitializeOnLoadMethodAttributes (51ms)
				AfterProcessingInitializeOnLoad (0ms)
				EditorAssembliesLoaded (0ms)
			ExecutionOrderSort2 (0ms)
			AwakeInstancesAfterBackupRestoration (0ms)
Platform modules already initialized, skipping
Registering precompiled user dll's ...
Registered in 0.020493 seconds.
Begin MonoManager ReloadAssembly
Native extension for WindowsStandalone target not found
Refreshing native plugins compatible for Editor in 0.62 ms, found 2 plugins.
Preloading 0 native plugins for Editor in 0.00 ms.
Mono: successfully reloaded assembly
- Completed reload, in  3.961 seconds
Domain Reload Profiling:
	ReloadAssembly (3963ms)
		BeginReloadAssembly (238ms)
			ExecutionOrderSort (0ms)
			DisableScriptedObjects (8ms)
			BackupInstance (0ms)
			ReleaseScriptingObjects (0ms)
			CreateAndSetChildDomain (30ms)
		EndReloadAssembly (3552ms)
			LoadAssemblies (1856ms)
			RebuildTransferFunctionScriptingTraits (0ms)
			SetupTypeCache (476ms)
			ReleaseScriptCaches (1ms)
			RebuildScriptCaches (86ms)
			SetupLoadedEditorAssemblies (933ms)
				LogAssemblyErrors (0ms)
				InitializePlatformSupportModulesInManaged (8ms)
				SetLoadedEditorAssemblies (1ms)
				RefreshPlugins (1ms)
				BeforeProcessingInitializeOnLoad (135ms)
				ProcessInitializeOnLoadAttributes (592ms)
				ProcessInitializeOnLoadMethodAttributes (168ms)
				AfterProcessingInitializeOnLoad (28ms)
				EditorAssembliesLoaded (1ms)
			ExecutionOrderSort2 (0ms)
			AwakeInstancesAfterBackupRestoration (9ms)
Platform modules already initialized, skipping
========================================================================
Worker process is ready to serve import requests
Launched and connected shader compiler UnityShaderCompiler.exe after 1.00 seconds
Refreshing native plugins compatible for Editor in 1.07 ms, found 2 plugins.
Preloading 0 native plugins for Editor in 0.00 ms.
Unloading 1880 Unused Serialized files (Serialized files now loaded: 0)
System memory in use before: 93.7 MB.
System memory in use after: 93.8 MB.

Unloading 26 unused Assets to reduce memory usage. Loaded Objects now: 2331.
Total: 4.326000 ms (FindLiveObjects: 0.227000 ms CreateObjectMapping: 0.106900 ms MarkObjects: 3.858200 ms  DeleteObjects: 0.131700 ms)

AssetImportParameters requested are different than current active one (requested -> active):
  custom:framework-win-MediaFoundation: 216162199b28c13a410421893ffa2e32 -> 
  custom:video-decoder-ogg-theora: a1e56fd34408186e4bbccfd4996cb3dc -> 
  custom:container-muxer-webm: aa71ff27fc2769a1b78a27578f13a17b -> 
  custom:container-demuxer-webm: 4f35f7cbe854078d1ac9338744f61a02 -> 
  custom:container-demuxer-ogg: 62fdf1f143b41e24485cea50d1cbac27 -> 
  custom:video-encoder-webm-vp8: eb34c28f22e8b96e1ab97ce403110664 -> 
  custom:video-decoder-webm-vp8: 9c59270c3fd7afecdb556c50c9e8de78 -> 
  custom:audio-decoder-ogg-vorbis: bf7c407c2cedff20999df2af8eb42d56 -> 
  custom:audio-encoder-webm-vorbis: bf7c407c2cedff20999df2af8eb42d56 -> 
========================================================================
Received Import Request.
  path: Assets/New Terrain 1.asset
  artifactKey: Guid(c148057abc02d834c9855a9f1da927b7) Importer(815301076,1909f56bfc062723c751e8b465ee728b)
Start importing Assets/New Terrain 1.asset using Guid(c148057abc02d834c9855a9f1da927b7) Importer(815301076,1909f56bfc062723c751e8b465ee728b)  -> (artifact id: '98a85b7feb2452a87549597d2bd218f8') in 1.228259 seconds 
  Import took 1.238589 seconds .

========================================================================
Received Import Request.
  Time since last request: 0.000717 seconds.
  path: Assets/Scenes/MainScene.unity
  artifactKey: Guid(f43f363f610a9fa40ae7ed151ddf19d5) Importer(815301076,1909f56bfc062723c751e8b465ee728b)
Start importing Assets/Scenes/MainScene.unity using Guid(f43f363f610a9fa40ae7ed151ddf19d5) Importer(815301076,1909f56bfc062723c751e8b465ee728b)  -> (artifact id: 'ee96146146a333f50e51259fc0a82798') in 0.019464 seconds 
  Import took 0.112912 seconds .

========================================================================
Received Import Request.
  Time since last request: 1326.835084 seconds.
  path: Assets/Scripts/Leaderboard.cs
  artifactKey: Guid(0caee1f61832ee1409578200ca94f9ed) Importer(815301076,1909f56bfc062723c751e8b465ee728b)
Start importing Assets/Scripts/Leaderboard.cs using Guid(0caee1f61832ee1409578200ca94f9ed) Importer(815301076,1909f56bfc062723c751e8b465ee728b)  -> (artifact id: '3861f6827675d2934f642749828b7dbe') in 0.231841 seconds 
  Import took 0.361236 seconds .

========================================================================
Received Prepare
Registering precompiled user dll's ...
Registered in 0.385757 seconds.
Begin MonoManager ReloadAssembly
Native extension for WindowsStandalone target not found
Refreshing native plugins compatible for Editor in 1.00 ms, found 2 plugins.
Preloading 0 native plugins for Editor in 0.00 ms.
Mono: successfully reloaded assembly
- Completed reload, in  1.964 seconds
Domain Reload Profiling:
	ReloadAssembly (1967ms)
		BeginReloadAssembly (340ms)
			ExecutionOrderSort (0ms)
			DisableScriptedObjects (20ms)
			BackupInstance (0ms)
			ReleaseScriptingObjects (0ms)
			CreateAndSetChildDomain (129ms)
		EndReloadAssembly (1488ms)
			LoadAssemblies (240ms)
			RebuildTransferFunctionScriptingTraits (0ms)
			SetupTypeCache (513ms)
			ReleaseScriptCaches (2ms)
			RebuildScriptCaches (63ms)
			SetupLoadedEditorAssemblies (572ms)
				LogAssemblyErrors (0ms)
				InitializePlatformSupportModulesInManaged (10ms)
				SetLoadedEditorAssemblies (1ms)
				RefreshPlugins (1ms)
				BeforeProcessingInitializeOnLoad (218ms)
				ProcessInitializeOnLoadAttributes (310ms)
				ProcessInitializeOnLoadMethodAttributes (16ms)
				AfterProcessingInitializeOnLoad (17ms)
				EditorAssembliesLoaded (0ms)
			ExecutionOrderSort2 (0ms)
			AwakeInstancesAfterBackupRestoration (8ms)
Platform modules already initialized, skipping
Refreshing native plugins compatible for Editor in 0.58 ms, found 2 plugins.
Preloading 0 native plugins for Editor in 0.00 ms.
Unloading 1872 Unused Serialized files (Serialized files now loaded: 0)
System memory in use before: 93.4 MB.
System memory in use after: 93.5 MB.

Unloading 20 unused Assets to reduce memory usage. Loaded Objects now: 2337.
Total: 64.576200 ms (FindLiveObjects: 0.250200 ms CreateObjectMapping: 0.092400 ms MarkObjects: 64.198300 ms  DeleteObjects: 0.032400 ms)

AssetImportParameters requested are different than current active one (requested -> active):
  custom:framework-win-MediaFoundation: 216162199b28c13a410421893ffa2e32 -> 
  custom:video-decoder-ogg-theora: a1e56fd34408186e4bbccfd4996cb3dc -> 
  custom:container-muxer-webm: aa71ff27fc2769a1b78a27578f13a17b -> 
  custom:container-demuxer-webm: 4f35f7cbe854078d1ac9338744f61a02 -> 
  custom:container-demuxer-ogg: 62fdf1f143b41e24485cea50d1cbac27 -> 
  custom:video-encoder-webm-vp8: eb34c28f22e8b96e1ab97ce403110664 -> 
  custom:video-decoder-webm-vp8: 9c59270c3fd7afecdb556c50c9e8de78 -> 
  custom:audio-decoder-ogg-vorbis: bf7c407c2cedff20999df2af8eb42d56 -> 
  custom:audio-encoder-webm-vorbis: bf7c407c2cedff20999df2af8eb42d56 -> 
========================================================================
Received Import Request.
  Time since last request: 777.753536 seconds.
  path: Assets/Scripts/Leaderboard.cs
  artifactKey: Guid(0caee1f61832ee1409578200ca94f9ed) Importer(815301076,1909f56bfc062723c751e8b465ee728b)
Start importing Assets/Scripts/Leaderboard.cs using Guid(0caee1f61832ee1409578200ca94f9ed) Importer(815301076,1909f56bfc062723c751e8b465ee728b)  -> (artifact id: '0f2f8204032b4ff1abffeaf9b14d1e48') in 15.471192 seconds 
  Import took 36.794292 seconds .

========================================================================
Received Import Request.
  Time since last request: 12.384703 seconds.
  path: Assets/Scripts/Leaderboard.cs
  artifactKey: Guid(0caee1f61832ee1409578200ca94f9ed) Importer(815301076,1909f56bfc062723c751e8b465ee728b)
Start importing Assets/Scripts/Leaderboard.cs using Guid(0caee1f61832ee1409578200ca94f9ed) Importer(815301076,1909f56bfc062723c751e8b465ee728b)  -> (artifact id: '0f2f8204032b4ff1abffeaf9b14d1e48') in 0.026253 seconds 
  Import took 0.048841 seconds .

========================================================================
Received Import Request.
  Time since last request: 31.960497 seconds.
  path: Assets/Scripts/LeaderboardPanel.cs
  artifactKey: Guid(708a483a1e34c38469f2b8d1330a1dde) Importer(815301076,1909f56bfc062723c751e8b465ee728b)
Start importing Assets/Scripts/LeaderboardPanel.cs using Guid(708a483a1e34c38469f2b8d1330a1dde) Importer(815301076,1909f56bfc062723c751e8b465ee728b)  -> (artifact id: 'fa6c08957d86f28fd7749442505bf0b8') in 1.165167 seconds 
  Import took 1.182661 seconds .

========================================================================
Received Prepare
Registering precompiled user dll's ...
Registered in 0.988521 seconds.
Begin MonoManager ReloadAssembly
Native extension for WindowsStandalone target not found
Refreshing native plugins compatible for Editor in 0.78 ms, found 2 plugins.
Preloading 0 native plugins for Editor in 0.00 ms.
Mono: successfully reloaded assembly
- Completed reload, in  7.601 seconds
Domain Reload Profiling:
	ReloadAssembly (7805ms)
		BeginReloadAssembly (3834ms)
			ExecutionOrderSort (9ms)
			DisableScriptedObjects (853ms)
			BackupInstance (0ms)
			ReleaseScriptingObjects (10ms)
			CreateAndSetChildDomain (1564ms)
		EndReloadAssembly (3320ms)
			LoadAssemblies (419ms)
			RebuildTransferFunctionScriptingTraits (0ms)
			SetupTypeCache (1586ms)
			ReleaseScriptCaches (1ms)
			RebuildScriptCaches (60ms)
			SetupLoadedEditorAssemblies (1040ms)
				LogAssemblyErrors (0ms)
				InitializePlatformSupportModulesInManaged (19ms)
				SetLoadedEditorAssemblies (1ms)
				RefreshPlugins (1ms)
				BeforeProcessingInitializeOnLoad (135ms)
				ProcessInitializeOnLoadAttributes (782ms)
				ProcessInitializeOnLoadMethodAttributes (71ms)
				AfterProcessingInitializeOnLoad (30ms)
				EditorAssembliesLoaded (0ms)
			ExecutionOrderSort2 (0ms)
			AwakeInstancesAfterBackupRestoration (10ms)
Platform modules already initialized, skipping
Refreshing native plugins compatible for Editor in 1.14 ms, found 2 plugins.
Preloading 0 native plugins for Editor in 0.00 ms.
Unloading 1873 Unused Serialized files (Serialized files now loaded: 0)
System memory in use before: 93.5 MB.
System memory in use after: 93.6 MB.

Unloading 20 unused Assets to reduce memory usage. Loaded Objects now: 2341.
Total: 259.803400 ms (FindLiveObjects: 35.231400 ms CreateObjectMapping: 0.362000 ms MarkObjects: 224.166700 ms  DeleteObjects: 0.037600 ms)

AssetImportParameters requested are different than current active one (requested -> active):
  custom:framework-win-MediaFoundation: 216162199b28c13a410421893ffa2e32 -> 
  custom:video-decoder-ogg-theora: a1e56fd34408186e4bbccfd4996cb3dc -> 
  custom:container-muxer-webm: aa71ff27fc2769a1b78a27578f13a17b -> 
  custom:container-demuxer-webm: 4f35f7cbe854078d1ac9338744f61a02 -> 
  custom:container-demuxer-ogg: 62fdf1f143b41e24485cea50d1cbac27 -> 
  custom:video-encoder-webm-vp8: eb34c28f22e8b96e1ab97ce403110664 -> 
  custom:video-decoder-webm-vp8: 9c59270c3fd7afecdb556c50c9e8de78 -> 
  custom:audio-decoder-ogg-vorbis: bf7c407c2cedff20999df2af8eb42d56 -> 
  custom:audio-encoder-webm-vorbis: bf7c407c2cedff20999df2af8eb42d56 -> 
========================================================================
Received Import Request.
  Time since last request: 430.631472 seconds.
  path: Assets/Resources/CarHook.prefab
  artifactKey: Guid(ef346a72bd0f63d4ca93713151d2951e) Importer(815301076,1909f56bfc062723c751e8b465ee728b)
Start importing Assets/Resources/CarHook.prefab using Guid(ef346a72bd0f63d4ca93713151d2951e) Importer(815301076,1909f56bfc062723c751e8b465ee728b)  -> (artifact id: '86b36347681483fb1a683c4c58ba621b') in 4.603724 seconds 
  Import took 4.615000 seconds .

========================================================================
Received Prepare
Registering precompiled user dll's ...
Registered in 1.589396 seconds.
Begin MonoManager ReloadAssembly
Native extension for WindowsStandalone target not found
Refreshing native plugins compatible for Editor in 2.98 ms, found 2 plugins.
Preloading 0 native plugins for Editor in 0.00 ms.
Mono: successfully reloaded assembly
- Completed reload, in 18.168 seconds
Domain Reload Profiling:
	ReloadAssembly (18504ms)
		BeginReloadAssembly (7106ms)
			ExecutionOrderSort (2ms)
			DisableScriptedObjects (563ms)
			BackupInstance (0ms)
			ReleaseScriptingObjects (11ms)
			CreateAndSetChildDomain (4947ms)
		EndReloadAssembly (9613ms)
			LoadAssemblies (2654ms)
			RebuildTransferFunctionScriptingTraits (43ms)
			SetupTypeCache (3523ms)
			ReleaseScriptCaches (22ms)
			RebuildScriptCaches (124ms)
			SetupLoadedEditorAssemblies (2514ms)
				LogAssemblyErrors (0ms)
				InitializePlatformSupportModulesInManaged (67ms)
				SetLoadedEditorAssemblies (50ms)
				RefreshPlugins (15ms)
				BeforeProcessingInitializeOnLoad (762ms)
				ProcessInitializeOnLoadAttributes (1148ms)
				ProcessInitializeOnLoadMethodAttributes (395ms)
				AfterProcessingInitializeOnLoad (49ms)
				EditorAssembliesLoaded (28ms)
			ExecutionOrderSort2 (0ms)
			AwakeInstancesAfterBackupRestoration (31ms)
Platform modules already initialized, skipping
Refreshing native plugins compatible for Editor in 0.99 ms, found 2 plugins.
Preloading 0 native plugins for Editor in 0.00 ms.
Unloading 1873 Unused Serialized files (Serialized files now loaded: 0)
System memory in use before: 96.7 MB.
System memory in use after: 96.8 MB.

Unloading 20 unused Assets to reduce memory usage. Loaded Objects now: 2353.
Total: 396.985300 ms (FindLiveObjects: 43.330100 ms CreateObjectMapping: 0.241600 ms MarkObjects: 353.317100 ms  DeleteObjects: 0.089200 ms)

AssetImportParameters requested are different than current active one (requested -> active):
  custom:framework-win-MediaFoundation: 216162199b28c13a410421893ffa2e32 -> 
  custom:video-decoder-ogg-theora: a1e56fd34408186e4bbccfd4996cb3dc -> 
  custom:container-muxer-webm: aa71ff27fc2769a1b78a27578f13a17b -> 
  custom:container-demuxer-webm: 4f35f7cbe854078d1ac9338744f61a02 -> 
  custom:container-demuxer-ogg: 62fdf1f143b41e24485cea50d1cbac27 -> 
  custom:video-encoder-webm-vp8: eb34c28f22e8b96e1ab97ce403110664 -> 
  custom:video-decoder-webm-vp8: 9c59270c3fd7afecdb556c50c9e8de78 -> 
  custom:audio-decoder-ogg-vorbis: bf7c407c2cedff20999df2af8eb42d56 -> 
  custom:audio-encoder-webm-vorbis: bf7c407c2cedff20999df2af8eb42d56 -> 
========================================================================
Received Prepare
Registering precompiled user dll's ...
Registered in 0.577807 seconds.
Begin MonoManager ReloadAssembly
Native extension for WindowsStandalone target not found
Refreshing native plugins compatible for Editor in 0.60 ms, found 2 plugins.
Preloading 0 native plugins for Editor in 0.00 ms.
Mono: successfully reloaded assembly
- Completed reload, in  3.835 seconds
Domain Reload Profiling:
	ReloadAssembly (3846ms)
		BeginReloadAssembly (1200ms)
			ExecutionOrderSort (0ms)
			DisableScriptedObjects (44ms)
			BackupInstance (0ms)
			ReleaseScriptingObjects (0ms)
			CreateAndSetChildDomain (463ms)
		EndReloadAssembly (2296ms)
			LoadAssemblies (788ms)
			RebuildTransferFunctionScriptingTraits (0ms)
			SetupTypeCache (1002ms)
			ReleaseScriptCaches (2ms)
			RebuildScriptCaches (54ms)
			SetupLoadedEditorAssemblies (665ms)
				LogAssemblyErrors (0ms)
				InitializePlatformSupportModulesInManaged (7ms)
				SetLoadedEditorAssemblies (1ms)
				RefreshPlugins (1ms)
				BeforeProcessingInitializeOnLoad (141ms)
				ProcessInitializeOnLoadAttributes (482ms)
				ProcessInitializeOnLoadMethodAttributes (16ms)
				AfterProcessingInitializeOnLoad (17ms)
				EditorAssembliesLoaded (0ms)
			ExecutionOrderSort2 (0ms)
			AwakeInstancesAfterBackupRestoration (9ms)
Platform modules already initialized, skipping
Refreshing native plugins compatible for Editor in 0.77 ms, found 2 plugins.
Preloading 0 native plugins for Editor in 0.00 ms.
Unloading 1873 Unused Serialized files (Serialized files now loaded: 0)
System memory in use before: 96.7 MB.
System memory in use after: 96.8 MB.

Unloading 20 unused Assets to reduce memory usage. Loaded Objects now: 2356.
Total: 4.339600 ms (FindLiveObjects: 0.239400 ms CreateObjectMapping: 0.100400 ms MarkObjects: 3.962500 ms  DeleteObjects: 0.035100 ms)

AssetImportParameters requested are different than current active one (requested -> active):
  custom:framework-win-MediaFoundation: 216162199b28c13a410421893ffa2e32 -> 
  custom:video-decoder-ogg-theora: a1e56fd34408186e4bbccfd4996cb3dc -> 
  custom:container-muxer-webm: aa71ff27fc2769a1b78a27578f13a17b -> 
  custom:container-demuxer-webm: 4f35f7cbe854078d1ac9338744f61a02 -> 
  custom:container-demuxer-ogg: 62fdf1f143b41e24485cea50d1cbac27 -> 
  custom:video-encoder-webm-vp8: eb34c28f22e8b96e1ab97ce403110664 -> 
  custom:video-decoder-webm-vp8: 9c59270c3fd7afecdb556c50c9e8de78 -> 
  custom:audio-decoder-ogg-vorbis: bf7c407c2cedff20999df2af8eb42d56 -> 
  custom:audio-encoder-webm-vorbis: bf7c407c2cedff20999df2af8eb42d56 -> 
========================================================================
Received Import Request.
  Time since last request: 2726.605130 seconds.
  path: Assets/Scripts/LeaderboardPanel.cs
  artifactKey: Guid(708a483a1e34c38469f2b8d1330a1dde) Importer(815301076,1909f56bfc062723c751e8b465ee728b)
Start importing Assets/Scripts/LeaderboardPanel.cs using Guid(708a483a1e34c38469f2b8d1330a1dde) Importer(815301076,1909f56bfc062723c751e8b465ee728b)  -> (artifact id: '7d4f1e5df9f491a29a17865e85a9e8fb') in 0.107508 seconds 
  Import took 0.149858 seconds .

========================================================================
Received Import Request.
  Time since last request: 43.360191 seconds.
  path: Assets/Scenes/MenuScene.unity
  artifactKey: Guid(9088db542ef7c934baaea8ec8fa47e4c) Importer(815301076,1909f56bfc062723c751e8b465ee728b)
Start importing Assets/Scenes/MenuScene.unity using Guid(9088db542ef7c934baaea8ec8fa47e4c) Importer(815301076,1909f56bfc062723c751e8b465ee728b)  -> (artifact id: 'c752373a8cda48758d2fd854bb6d18df') in 0.128507 seconds 
  Import took 0.136393 seconds .

========================================================================
Received Import Request.
  Time since last request: 105.268187 seconds.
  path: Assets/Scenes/MainScene.unity
  artifactKey: Guid(f43f363f610a9fa40ae7ed151ddf19d5) Importer(815301076,1909f56bfc062723c751e8b465ee728b)
Start importing Assets/Scenes/MainScene.unity using Guid(f43f363f610a9fa40ae7ed151ddf19d5) Importer(815301076,1909f56bfc062723c751e8b465ee728b)  -> (artifact id: '4387f252339ffde00bdb0c91ec847356') in 0.083082 seconds 
  Import took 0.151020 seconds .

========================================================================
Received Prepare
Registering precompiled user dll's ...
Registered in 0.544929 seconds.
Begin MonoManager ReloadAssembly
Native extension for WindowsStandalone target not found
Refreshing native plugins compatible for Editor in 1.18 ms, found 2 plugins.
Preloading 0 native plugins for Editor in 0.00 ms.
Mono: successfully reloaded assembly
- Completed reload, in  7.982 seconds
Domain Reload Profiling:
	ReloadAssembly (8089ms)
		BeginReloadAssembly (2743ms)
			ExecutionOrderSort (0ms)
			DisableScriptedObjects (453ms)
			BackupInstance (0ms)
			ReleaseScriptingObjects (1ms)
			CreateAndSetChildDomain (1573ms)
		EndReloadAssembly (4833ms)
			LoadAssemblies (3012ms)
			RebuildTransferFunctionScriptingTraits (0ms)
			SetupTypeCache (735ms)
			ReleaseScriptCaches (37ms)
			RebuildScriptCaches (57ms)
			SetupLoadedEditorAssemblies (842ms)
				LogAssemblyErrors (0ms)
				InitializePlatformSupportModulesInManaged (13ms)
				SetLoadedEditorAssemblies (20ms)
				RefreshPlugins (1ms)
				BeforeProcessingInitializeOnLoad (144ms)
				ProcessInitializeOnLoadAttributes (400ms)
				ProcessInitializeOnLoadMethodAttributes (229ms)
				AfterProcessingInitializeOnLoad (33ms)
				EditorAssembliesLoaded (0ms)
			ExecutionOrderSort2 (0ms)
			AwakeInstancesAfterBackupRestoration (10ms)
Platform modules already initialized, skipping
Refreshing native plugins compatible for Editor in 0.76 ms, found 2 plugins.
Preloading 0 native plugins for Editor in 0.00 ms.
Unloading 1873 Unused Serialized files (Serialized files now loaded: 0)
System memory in use before: 96.7 MB.
System memory in use after: 96.8 MB.

Unloading 20 unused Assets to reduce memory usage. Loaded Objects now: 2359.
Total: 27.680200 ms (FindLiveObjects: 0.372200 ms CreateObjectMapping: 0.144600 ms MarkObjects: 27.121100 ms  DeleteObjects: 0.039500 ms)

AssetImportParameters requested are different than current active one (requested -> active):
  custom:framework-win-MediaFoundation: 216162199b28c13a410421893ffa2e32 -> 
  custom:video-decoder-ogg-theora: a1e56fd34408186e4bbccfd4996cb3dc -> 
  custom:container-muxer-webm: aa71ff27fc2769a1b78a27578f13a17b -> 
  custom:container-demuxer-webm: 4f35f7cbe854078d1ac9338744f61a02 -> 
  custom:container-demuxer-ogg: 62fdf1f143b41e24485cea50d1cbac27 -> 
  custom:video-encoder-webm-vp8: eb34c28f22e8b96e1ab97ce403110664 -> 
  custom:video-decoder-webm-vp8: 9c59270c3fd7afecdb556c50c9e8de78 -> 
  custom:audio-decoder-ogg-vorbis: bf7c407c2cedff20999df2af8eb42d56 -> 
  custom:audio-encoder-webm-vorbis: bf7c407c2cedff20999df2af8eb42d56 -> 
========================================================================
Received Import Request.
  Time since last request: 99.883730 seconds.
  path: Assets/Scenes/MenuScene.unity
  artifactKey: Guid(9088db542ef7c934baaea8ec8fa47e4c) Importer(815301076,1909f56bfc062723c751e8b465ee728b)
Start importing Assets/Scenes/MenuScene.unity using Guid(9088db542ef7c934baaea8ec8fa47e4c) Importer(815301076,1909f56bfc062723c751e8b465ee728b)  -> (artifact id: '48b306c38c0fb3da0998ee81247c2235') in 0.068777 seconds 
  Import took 0.075189 seconds .

========================================================================
Received Import Request.
  Time since last request: 0.000519 seconds.
  path: Assets/Scripts/MenuController.cs
  artifactKey: Guid(aef66edddf1589d4e97609c446b4e831) Importer(815301076,1909f56bfc062723c751e8b465ee728b)
Start importing Assets/Scripts/MenuController.cs using Guid(aef66edddf1589d4e97609c446b4e831) Importer(815301076,1909f56bfc062723c751e8b465ee728b)  -> (artifact id: 'ec51107897c40672169fe92c4f3cbe3e') in 0.011215 seconds 
  Import took 0.016857 seconds .

AssetImportWorkerClient::OnTransportError - code=2 error=End of file
